ARM GAS  /tmp/ccLARupq.s 			page 1


   1              		.cpu cortex-m0plus
   2              		.arch armv6s-m
   3              		.fpu softvfp
   4              		.eabi_attribute 20, 1
   5              		.eabi_attribute 21, 1
   6              		.eabi_attribute 23, 3
   7              		.eabi_attribute 24, 1
   8              		.eabi_attribute 25, 1
   9              		.eabi_attribute 26, 1
  10              		.eabi_attribute 30, 1
  11              		.eabi_attribute 34, 0
  12              		.eabi_attribute 18, 4
  13              		.file	"stm32l0xx_hal_pcd_ex.c"
  14              		.text
  15              	.Ltext0:
  16              		.cfi_sections	.debug_frame
  17              		.section	.text.HAL_PCDEx_PMAConfig,"ax",%progbits
  18              		.align	1
  19              		.global	HAL_PCDEx_PMAConfig
  20              		.syntax unified
  21              		.code	16
  22              		.thumb_func
  24              	HAL_PCDEx_PMAConfig:
  25              	.LVL0:
  26              	.LFB34:
  27              		.file 1 "Drivers/STM32L0xx_HAL_Driver/Src/stm32l0xx_hal_pcd_ex.c"
   1:Drivers/STM32L0xx_HAL_Driver/Src/stm32l0xx_hal_pcd_ex.c **** /**
   2:Drivers/STM32L0xx_HAL_Driver/Src/stm32l0xx_hal_pcd_ex.c ****   ******************************************************************************
   3:Drivers/STM32L0xx_HAL_Driver/Src/stm32l0xx_hal_pcd_ex.c ****   * @file    stm32l0xx_hal_pcd_ex.c
   4:Drivers/STM32L0xx_HAL_Driver/Src/stm32l0xx_hal_pcd_ex.c ****   * @author  MCD Application Team
   5:Drivers/STM32L0xx_HAL_Driver/Src/stm32l0xx_hal_pcd_ex.c ****   * @brief   PCD Extended HAL module driver.
   6:Drivers/STM32L0xx_HAL_Driver/Src/stm32l0xx_hal_pcd_ex.c ****   *          This file provides firmware functions to manage the following
   7:Drivers/STM32L0xx_HAL_Driver/Src/stm32l0xx_hal_pcd_ex.c ****   *          functionalities of the USB Peripheral Controller:
   8:Drivers/STM32L0xx_HAL_Driver/Src/stm32l0xx_hal_pcd_ex.c ****   *           + Extended features functions
   9:Drivers/STM32L0xx_HAL_Driver/Src/stm32l0xx_hal_pcd_ex.c ****   *
  10:Drivers/STM32L0xx_HAL_Driver/Src/stm32l0xx_hal_pcd_ex.c ****   ******************************************************************************
  11:Drivers/STM32L0xx_HAL_Driver/Src/stm32l0xx_hal_pcd_ex.c ****   * @attention
  12:Drivers/STM32L0xx_HAL_Driver/Src/stm32l0xx_hal_pcd_ex.c ****   *
  13:Drivers/STM32L0xx_HAL_Driver/Src/stm32l0xx_hal_pcd_ex.c ****   * <h2><center>&copy; Copyright (c) 2016 STMicroelectronics.
  14:Drivers/STM32L0xx_HAL_Driver/Src/stm32l0xx_hal_pcd_ex.c ****   * All rights reserved.</center></h2>
  15:Drivers/STM32L0xx_HAL_Driver/Src/stm32l0xx_hal_pcd_ex.c ****   *
  16:Drivers/STM32L0xx_HAL_Driver/Src/stm32l0xx_hal_pcd_ex.c ****   * This software component is licensed by ST under BSD 3-Clause license,
  17:Drivers/STM32L0xx_HAL_Driver/Src/stm32l0xx_hal_pcd_ex.c ****   * the "License"; You may not use this file except in compliance with the
  18:Drivers/STM32L0xx_HAL_Driver/Src/stm32l0xx_hal_pcd_ex.c ****   * License. You may obtain a copy of the License at:
  19:Drivers/STM32L0xx_HAL_Driver/Src/stm32l0xx_hal_pcd_ex.c ****   *                        opensource.org/licenses/BSD-3-Clause
  20:Drivers/STM32L0xx_HAL_Driver/Src/stm32l0xx_hal_pcd_ex.c ****   *
  21:Drivers/STM32L0xx_HAL_Driver/Src/stm32l0xx_hal_pcd_ex.c ****   ******************************************************************************
  22:Drivers/STM32L0xx_HAL_Driver/Src/stm32l0xx_hal_pcd_ex.c ****   */
  23:Drivers/STM32L0xx_HAL_Driver/Src/stm32l0xx_hal_pcd_ex.c **** 
  24:Drivers/STM32L0xx_HAL_Driver/Src/stm32l0xx_hal_pcd_ex.c **** /* Includes ------------------------------------------------------------------*/
  25:Drivers/STM32L0xx_HAL_Driver/Src/stm32l0xx_hal_pcd_ex.c **** #include "stm32l0xx_hal.h"
  26:Drivers/STM32L0xx_HAL_Driver/Src/stm32l0xx_hal_pcd_ex.c **** 
  27:Drivers/STM32L0xx_HAL_Driver/Src/stm32l0xx_hal_pcd_ex.c **** /** @addtogroup STM32L0xx_HAL_Driver
  28:Drivers/STM32L0xx_HAL_Driver/Src/stm32l0xx_hal_pcd_ex.c ****   * @{
  29:Drivers/STM32L0xx_HAL_Driver/Src/stm32l0xx_hal_pcd_ex.c ****   */
  30:Drivers/STM32L0xx_HAL_Driver/Src/stm32l0xx_hal_pcd_ex.c **** 
  31:Drivers/STM32L0xx_HAL_Driver/Src/stm32l0xx_hal_pcd_ex.c **** /** @defgroup PCDEx PCDEx
ARM GAS  /tmp/ccLARupq.s 			page 2


  32:Drivers/STM32L0xx_HAL_Driver/Src/stm32l0xx_hal_pcd_ex.c ****   * @brief PCD Extended HAL module driver
  33:Drivers/STM32L0xx_HAL_Driver/Src/stm32l0xx_hal_pcd_ex.c ****   * @{
  34:Drivers/STM32L0xx_HAL_Driver/Src/stm32l0xx_hal_pcd_ex.c ****   */
  35:Drivers/STM32L0xx_HAL_Driver/Src/stm32l0xx_hal_pcd_ex.c **** 
  36:Drivers/STM32L0xx_HAL_Driver/Src/stm32l0xx_hal_pcd_ex.c **** #ifdef HAL_PCD_MODULE_ENABLED
  37:Drivers/STM32L0xx_HAL_Driver/Src/stm32l0xx_hal_pcd_ex.c **** 
  38:Drivers/STM32L0xx_HAL_Driver/Src/stm32l0xx_hal_pcd_ex.c **** #if defined (USB)
  39:Drivers/STM32L0xx_HAL_Driver/Src/stm32l0xx_hal_pcd_ex.c **** /* Private types -------------------------------------------------------------*/
  40:Drivers/STM32L0xx_HAL_Driver/Src/stm32l0xx_hal_pcd_ex.c **** /* Private variables ---------------------------------------------------------*/
  41:Drivers/STM32L0xx_HAL_Driver/Src/stm32l0xx_hal_pcd_ex.c **** /* Private constants ---------------------------------------------------------*/
  42:Drivers/STM32L0xx_HAL_Driver/Src/stm32l0xx_hal_pcd_ex.c **** /* Private macros ------------------------------------------------------------*/
  43:Drivers/STM32L0xx_HAL_Driver/Src/stm32l0xx_hal_pcd_ex.c **** /* Private functions ---------------------------------------------------------*/
  44:Drivers/STM32L0xx_HAL_Driver/Src/stm32l0xx_hal_pcd_ex.c **** /* Exported functions --------------------------------------------------------*/
  45:Drivers/STM32L0xx_HAL_Driver/Src/stm32l0xx_hal_pcd_ex.c **** 
  46:Drivers/STM32L0xx_HAL_Driver/Src/stm32l0xx_hal_pcd_ex.c **** /** @defgroup PCDEx_Exported_Functions PCDEx Exported Functions
  47:Drivers/STM32L0xx_HAL_Driver/Src/stm32l0xx_hal_pcd_ex.c ****   * @{
  48:Drivers/STM32L0xx_HAL_Driver/Src/stm32l0xx_hal_pcd_ex.c ****   */
  49:Drivers/STM32L0xx_HAL_Driver/Src/stm32l0xx_hal_pcd_ex.c **** 
  50:Drivers/STM32L0xx_HAL_Driver/Src/stm32l0xx_hal_pcd_ex.c **** /** @defgroup PCDEx_Exported_Functions_Group1 Peripheral Control functions
  51:Drivers/STM32L0xx_HAL_Driver/Src/stm32l0xx_hal_pcd_ex.c ****   * @brief    PCDEx control functions
  52:Drivers/STM32L0xx_HAL_Driver/Src/stm32l0xx_hal_pcd_ex.c ****   *
  53:Drivers/STM32L0xx_HAL_Driver/Src/stm32l0xx_hal_pcd_ex.c **** @verbatim
  54:Drivers/STM32L0xx_HAL_Driver/Src/stm32l0xx_hal_pcd_ex.c ****  ===============================================================================
  55:Drivers/STM32L0xx_HAL_Driver/Src/stm32l0xx_hal_pcd_ex.c ****                  ##### Extended features functions #####
  56:Drivers/STM32L0xx_HAL_Driver/Src/stm32l0xx_hal_pcd_ex.c ****  ===============================================================================
  57:Drivers/STM32L0xx_HAL_Driver/Src/stm32l0xx_hal_pcd_ex.c ****     [..]  This section provides functions allowing to:
  58:Drivers/STM32L0xx_HAL_Driver/Src/stm32l0xx_hal_pcd_ex.c ****       (+) Update FIFO configuration
  59:Drivers/STM32L0xx_HAL_Driver/Src/stm32l0xx_hal_pcd_ex.c **** 
  60:Drivers/STM32L0xx_HAL_Driver/Src/stm32l0xx_hal_pcd_ex.c **** @endverbatim
  61:Drivers/STM32L0xx_HAL_Driver/Src/stm32l0xx_hal_pcd_ex.c ****   * @{
  62:Drivers/STM32L0xx_HAL_Driver/Src/stm32l0xx_hal_pcd_ex.c ****   */
  63:Drivers/STM32L0xx_HAL_Driver/Src/stm32l0xx_hal_pcd_ex.c **** 
  64:Drivers/STM32L0xx_HAL_Driver/Src/stm32l0xx_hal_pcd_ex.c **** /**
  65:Drivers/STM32L0xx_HAL_Driver/Src/stm32l0xx_hal_pcd_ex.c ****   * @brief  Configure PMA for EP
  66:Drivers/STM32L0xx_HAL_Driver/Src/stm32l0xx_hal_pcd_ex.c ****   * @param  hpcd  Device instance
  67:Drivers/STM32L0xx_HAL_Driver/Src/stm32l0xx_hal_pcd_ex.c ****   * @param  ep_addr endpoint address
  68:Drivers/STM32L0xx_HAL_Driver/Src/stm32l0xx_hal_pcd_ex.c ****   * @param  ep_kind endpoint Kind
  69:Drivers/STM32L0xx_HAL_Driver/Src/stm32l0xx_hal_pcd_ex.c ****   *                  USB_SNG_BUF: Single Buffer used
  70:Drivers/STM32L0xx_HAL_Driver/Src/stm32l0xx_hal_pcd_ex.c ****   *                  USB_DBL_BUF: Double Buffer used
  71:Drivers/STM32L0xx_HAL_Driver/Src/stm32l0xx_hal_pcd_ex.c ****   * @param  pmaadress: EP address in The PMA: In case of single buffer endpoint
  72:Drivers/STM32L0xx_HAL_Driver/Src/stm32l0xx_hal_pcd_ex.c ****   *                   this parameter is 16-bit value providing the address
  73:Drivers/STM32L0xx_HAL_Driver/Src/stm32l0xx_hal_pcd_ex.c ****   *                   in PMA allocated to endpoint.
  74:Drivers/STM32L0xx_HAL_Driver/Src/stm32l0xx_hal_pcd_ex.c ****   *                   In case of double buffer endpoint this parameter
  75:Drivers/STM32L0xx_HAL_Driver/Src/stm32l0xx_hal_pcd_ex.c ****   *                   is a 32-bit value providing the endpoint buffer 0 address
  76:Drivers/STM32L0xx_HAL_Driver/Src/stm32l0xx_hal_pcd_ex.c ****   *                   in the LSB part of 32-bit value and endpoint buffer 1 address
  77:Drivers/STM32L0xx_HAL_Driver/Src/stm32l0xx_hal_pcd_ex.c ****   *                   in the MSB part of 32-bit value.
  78:Drivers/STM32L0xx_HAL_Driver/Src/stm32l0xx_hal_pcd_ex.c ****   * @retval HAL status
  79:Drivers/STM32L0xx_HAL_Driver/Src/stm32l0xx_hal_pcd_ex.c ****   */
  80:Drivers/STM32L0xx_HAL_Driver/Src/stm32l0xx_hal_pcd_ex.c **** 
  81:Drivers/STM32L0xx_HAL_Driver/Src/stm32l0xx_hal_pcd_ex.c **** HAL_StatusTypeDef  HAL_PCDEx_PMAConfig(PCD_HandleTypeDef *hpcd, uint16_t ep_addr,
  82:Drivers/STM32L0xx_HAL_Driver/Src/stm32l0xx_hal_pcd_ex.c ****                                        uint16_t ep_kind, uint32_t pmaadress)
  83:Drivers/STM32L0xx_HAL_Driver/Src/stm32l0xx_hal_pcd_ex.c **** {
  28              		.loc 1 83 1 view -0
  29              		.cfi_startproc
  30              		@ args = 0, pretend = 0, frame = 0
  31              		@ frame_needed = 0, uses_anonymous_args = 0
  32              		.loc 1 83 1 is_stmt 0 view .LVU1
ARM GAS  /tmp/ccLARupq.s 			page 3


  33 0000 10B5     		push	{r4, lr}
  34              	.LCFI0:
  35              		.cfi_def_cfa_offset 8
  36              		.cfi_offset 4, -8
  37              		.cfi_offset 14, -4
  84:Drivers/STM32L0xx_HAL_Driver/Src/stm32l0xx_hal_pcd_ex.c ****   PCD_EPTypeDef *ep;
  38              		.loc 1 84 3 is_stmt 1 view .LVU2
  85:Drivers/STM32L0xx_HAL_Driver/Src/stm32l0xx_hal_pcd_ex.c **** 
  86:Drivers/STM32L0xx_HAL_Driver/Src/stm32l0xx_hal_pcd_ex.c ****   /* initialize ep structure*/
  87:Drivers/STM32L0xx_HAL_Driver/Src/stm32l0xx_hal_pcd_ex.c ****   if ((0x80U & ep_addr) == 0x80U)
  39              		.loc 1 87 3 view .LVU3
  40              		.loc 1 87 6 is_stmt 0 view .LVU4
  41 0002 0C06     		lsls	r4, r1, #24
  42 0004 0CD5     		bpl	.L2
  88:Drivers/STM32L0xx_HAL_Driver/Src/stm32l0xx_hal_pcd_ex.c ****   {
  89:Drivers/STM32L0xx_HAL_Driver/Src/stm32l0xx_hal_pcd_ex.c ****     ep = &hpcd->IN_ep[ep_addr & EP_ADDR_MSK];
  43              		.loc 1 89 5 is_stmt 1 view .LVU5
  44              		.loc 1 89 31 is_stmt 0 view .LVU6
  45 0006 0724     		movs	r4, #7
  46 0008 2140     		ands	r1, r4
  47              	.LVL1:
  48              		.loc 1 89 8 view .LVU7
  49 000a 0131     		adds	r1, r1, #1
  50 000c 8C00     		lsls	r4, r1, #2
  51 000e 6118     		adds	r1, r4, r1
  52 0010 C900     		lsls	r1, r1, #3
  53 0012 4018     		adds	r0, r0, r1
  54              	.LVL2:
  55              	.L3:
  90:Drivers/STM32L0xx_HAL_Driver/Src/stm32l0xx_hal_pcd_ex.c ****   }
  91:Drivers/STM32L0xx_HAL_Driver/Src/stm32l0xx_hal_pcd_ex.c ****   else
  92:Drivers/STM32L0xx_HAL_Driver/Src/stm32l0xx_hal_pcd_ex.c ****   {
  93:Drivers/STM32L0xx_HAL_Driver/Src/stm32l0xx_hal_pcd_ex.c ****     ep = &hpcd->OUT_ep[ep_addr];
  94:Drivers/STM32L0xx_HAL_Driver/Src/stm32l0xx_hal_pcd_ex.c ****   }
  95:Drivers/STM32L0xx_HAL_Driver/Src/stm32l0xx_hal_pcd_ex.c **** 
  96:Drivers/STM32L0xx_HAL_Driver/Src/stm32l0xx_hal_pcd_ex.c ****   /* Here we check if the endpoint is single or double Buffer*/
  97:Drivers/STM32L0xx_HAL_Driver/Src/stm32l0xx_hal_pcd_ex.c ****   if (ep_kind == PCD_SNG_BUF)
  56              		.loc 1 97 3 is_stmt 1 view .LVU8
  57              		.loc 1 97 6 is_stmt 0 view .LVU9
  58 0014 002A     		cmp	r2, #0
  59 0016 0AD1     		bne	.L4
  98:Drivers/STM32L0xx_HAL_Driver/Src/stm32l0xx_hal_pcd_ex.c ****   {
  99:Drivers/STM32L0xx_HAL_Driver/Src/stm32l0xx_hal_pcd_ex.c ****     /* Single Buffer */
 100:Drivers/STM32L0xx_HAL_Driver/Src/stm32l0xx_hal_pcd_ex.c ****     ep->doublebuffer = 0U;
  60              		.loc 1 100 5 is_stmt 1 view .LVU10
  61              		.loc 1 100 22 is_stmt 0 view .LVU11
  62 0018 0273     		strb	r2, [r0, #12]
 101:Drivers/STM32L0xx_HAL_Driver/Src/stm32l0xx_hal_pcd_ex.c ****     /* Configure the PMA */
 102:Drivers/STM32L0xx_HAL_Driver/Src/stm32l0xx_hal_pcd_ex.c ****     ep->pmaadress = (uint16_t)pmaadress;
  63              		.loc 1 102 5 is_stmt 1 view .LVU12
  64              		.loc 1 102 19 is_stmt 0 view .LVU13
  65 001a C380     		strh	r3, [r0, #6]
  66              	.LVL3:
  67              	.L5:
 103:Drivers/STM32L0xx_HAL_Driver/Src/stm32l0xx_hal_pcd_ex.c ****   }
 104:Drivers/STM32L0xx_HAL_Driver/Src/stm32l0xx_hal_pcd_ex.c ****   else /* USB_DBL_BUF */
 105:Drivers/STM32L0xx_HAL_Driver/Src/stm32l0xx_hal_pcd_ex.c ****   {
ARM GAS  /tmp/ccLARupq.s 			page 4


 106:Drivers/STM32L0xx_HAL_Driver/Src/stm32l0xx_hal_pcd_ex.c ****     /* Double Buffer Endpoint */
 107:Drivers/STM32L0xx_HAL_Driver/Src/stm32l0xx_hal_pcd_ex.c ****     ep->doublebuffer = 1U;
 108:Drivers/STM32L0xx_HAL_Driver/Src/stm32l0xx_hal_pcd_ex.c ****     /* Configure the PMA */
 109:Drivers/STM32L0xx_HAL_Driver/Src/stm32l0xx_hal_pcd_ex.c ****     ep->pmaaddr0 = (uint16_t)(pmaadress & 0xFFFFU);
 110:Drivers/STM32L0xx_HAL_Driver/Src/stm32l0xx_hal_pcd_ex.c ****     ep->pmaaddr1 = (uint16_t)((pmaadress & 0xFFFF0000U) >> 16);
 111:Drivers/STM32L0xx_HAL_Driver/Src/stm32l0xx_hal_pcd_ex.c ****   }
 112:Drivers/STM32L0xx_HAL_Driver/Src/stm32l0xx_hal_pcd_ex.c **** 
 113:Drivers/STM32L0xx_HAL_Driver/Src/stm32l0xx_hal_pcd_ex.c ****   return HAL_OK;
  68              		.loc 1 113 3 is_stmt 1 view .LVU14
 114:Drivers/STM32L0xx_HAL_Driver/Src/stm32l0xx_hal_pcd_ex.c **** }
  69              		.loc 1 114 1 is_stmt 0 view .LVU15
  70 001c 0020     		movs	r0, #0
  71              	.LVL4:
  72              		.loc 1 114 1 view .LVU16
  73              		@ sp needed
  74 001e 10BD     		pop	{r4, pc}
  75              	.LVL5:
  76              	.L2:
  93:Drivers/STM32L0xx_HAL_Driver/Src/stm32l0xx_hal_pcd_ex.c ****   }
  77              		.loc 1 93 5 is_stmt 1 view .LVU17
  93:Drivers/STM32L0xx_HAL_Driver/Src/stm32l0xx_hal_pcd_ex.c ****   }
  78              		.loc 1 93 8 is_stmt 0 view .LVU18
  79 0020 8C00     		lsls	r4, r1, #2
  80 0022 6118     		adds	r1, r4, r1
  81              	.LVL6:
  93:Drivers/STM32L0xx_HAL_Driver/Src/stm32l0xx_hal_pcd_ex.c ****   }
  82              		.loc 1 93 8 view .LVU19
  83 0024 C900     		lsls	r1, r1, #3
  84 0026 6931     		adds	r1, r1, #105
  85 0028 FF31     		adds	r1, r1, #255
  86 002a 4018     		adds	r0, r0, r1
  87              	.LVL7:
  93:Drivers/STM32L0xx_HAL_Driver/Src/stm32l0xx_hal_pcd_ex.c ****   }
  88              		.loc 1 93 8 view .LVU20
  89 002c F2E7     		b	.L3
  90              	.L4:
 107:Drivers/STM32L0xx_HAL_Driver/Src/stm32l0xx_hal_pcd_ex.c ****     /* Configure the PMA */
  91              		.loc 1 107 5 is_stmt 1 view .LVU21
 107:Drivers/STM32L0xx_HAL_Driver/Src/stm32l0xx_hal_pcd_ex.c ****     /* Configure the PMA */
  92              		.loc 1 107 22 is_stmt 0 view .LVU22
  93 002e 0122     		movs	r2, #1
  94              	.LVL8:
 107:Drivers/STM32L0xx_HAL_Driver/Src/stm32l0xx_hal_pcd_ex.c ****     /* Configure the PMA */
  95              		.loc 1 107 22 view .LVU23
  96 0030 0273     		strb	r2, [r0, #12]
 109:Drivers/STM32L0xx_HAL_Driver/Src/stm32l0xx_hal_pcd_ex.c ****     ep->pmaaddr1 = (uint16_t)((pmaadress & 0xFFFF0000U) >> 16);
  97              		.loc 1 109 5 is_stmt 1 view .LVU24
 109:Drivers/STM32L0xx_HAL_Driver/Src/stm32l0xx_hal_pcd_ex.c ****     ep->pmaaddr1 = (uint16_t)((pmaadress & 0xFFFF0000U) >> 16);
  98              		.loc 1 109 18 is_stmt 0 view .LVU25
  99 0032 0381     		strh	r3, [r0, #8]
 110:Drivers/STM32L0xx_HAL_Driver/Src/stm32l0xx_hal_pcd_ex.c ****   }
 100              		.loc 1 110 5 is_stmt 1 view .LVU26
 110:Drivers/STM32L0xx_HAL_Driver/Src/stm32l0xx_hal_pcd_ex.c ****   }
 101              		.loc 1 110 20 is_stmt 0 view .LVU27
 102 0034 1B0C     		lsrs	r3, r3, #16
 103              	.LVL9:
 110:Drivers/STM32L0xx_HAL_Driver/Src/stm32l0xx_hal_pcd_ex.c ****   }
ARM GAS  /tmp/ccLARupq.s 			page 5


 104              		.loc 1 110 18 view .LVU28
 105 0036 4381     		strh	r3, [r0, #10]
 106 0038 F0E7     		b	.L5
 107              		.cfi_endproc
 108              	.LFE34:
 110              		.section	.text.HAL_PCDEx_ActivateBCD,"ax",%progbits
 111              		.align	1
 112              		.global	HAL_PCDEx_ActivateBCD
 113              		.syntax unified
 114              		.code	16
 115              		.thumb_func
 117              	HAL_PCDEx_ActivateBCD:
 118              	.LVL10:
 119              	.LFB35:
 115:Drivers/STM32L0xx_HAL_Driver/Src/stm32l0xx_hal_pcd_ex.c **** 
 116:Drivers/STM32L0xx_HAL_Driver/Src/stm32l0xx_hal_pcd_ex.c **** /**
 117:Drivers/STM32L0xx_HAL_Driver/Src/stm32l0xx_hal_pcd_ex.c ****   * @brief  Activate BatteryCharging feature.
 118:Drivers/STM32L0xx_HAL_Driver/Src/stm32l0xx_hal_pcd_ex.c ****   * @param  hpcd PCD handle
 119:Drivers/STM32L0xx_HAL_Driver/Src/stm32l0xx_hal_pcd_ex.c ****   * @retval HAL status
 120:Drivers/STM32L0xx_HAL_Driver/Src/stm32l0xx_hal_pcd_ex.c ****   */
 121:Drivers/STM32L0xx_HAL_Driver/Src/stm32l0xx_hal_pcd_ex.c **** HAL_StatusTypeDef HAL_PCDEx_ActivateBCD(PCD_HandleTypeDef *hpcd)
 122:Drivers/STM32L0xx_HAL_Driver/Src/stm32l0xx_hal_pcd_ex.c **** {
 120              		.loc 1 122 1 is_stmt 1 view -0
 121              		.cfi_startproc
 122              		@ args = 0, pretend = 0, frame = 0
 123              		@ frame_needed = 0, uses_anonymous_args = 0
 124              		@ link register save eliminated.
 123:Drivers/STM32L0xx_HAL_Driver/Src/stm32l0xx_hal_pcd_ex.c ****   USB_TypeDef *USBx = hpcd->Instance;
 125              		.loc 1 123 3 view .LVU30
 126              		.loc 1 123 16 is_stmt 0 view .LVU31
 127 0000 0268     		ldr	r2, [r0]
 128              	.LVL11:
 124:Drivers/STM32L0xx_HAL_Driver/Src/stm32l0xx_hal_pcd_ex.c ****   hpcd->battery_charging_active = 1U;
 129              		.loc 1 124 3 is_stmt 1 view .LVU32
 130              		.loc 1 124 33 is_stmt 0 view .LVU33
 131 0002 BB23     		movs	r3, #187
 132 0004 9B00     		lsls	r3, r3, #2
 133 0006 0121     		movs	r1, #1
 134 0008 C150     		str	r1, [r0, r3]
 125:Drivers/STM32L0xx_HAL_Driver/Src/stm32l0xx_hal_pcd_ex.c **** 
 126:Drivers/STM32L0xx_HAL_Driver/Src/stm32l0xx_hal_pcd_ex.c ****   /* Enable BCD feature */
 127:Drivers/STM32L0xx_HAL_Driver/Src/stm32l0xx_hal_pcd_ex.c ****   USBx->BCDR |= USB_BCDR_BCDEN;
 135              		.loc 1 127 3 is_stmt 1 view .LVU34
 136              		.loc 1 127 14 is_stmt 0 view .LVU35
 137 000a 5823     		movs	r3, #88
 138 000c D15A     		ldrh	r1, [r2, r3]
 139 000e 0120     		movs	r0, #1
 140              	.LVL12:
 141              		.loc 1 127 14 view .LVU36
 142 0010 0143     		orrs	r1, r0
 143 0012 89B2     		uxth	r1, r1
 144 0014 D152     		strh	r1, [r2, r3]
 128:Drivers/STM32L0xx_HAL_Driver/Src/stm32l0xx_hal_pcd_ex.c **** 
 129:Drivers/STM32L0xx_HAL_Driver/Src/stm32l0xx_hal_pcd_ex.c ****   /* Enable DCD : Data Contact Detect */
 130:Drivers/STM32L0xx_HAL_Driver/Src/stm32l0xx_hal_pcd_ex.c ****   USBx->BCDR &= ~(USB_BCDR_PDEN);
 145              		.loc 1 130 3 is_stmt 1 view .LVU37
 146              		.loc 1 130 14 is_stmt 0 view .LVU38
ARM GAS  /tmp/ccLARupq.s 			page 6


 147 0016 D15A     		ldrh	r1, [r2, r3]
 148 0018 0420     		movs	r0, #4
 149 001a 8143     		bics	r1, r0
 150 001c D152     		strh	r1, [r2, r3]
 131:Drivers/STM32L0xx_HAL_Driver/Src/stm32l0xx_hal_pcd_ex.c ****   USBx->BCDR &= ~(USB_BCDR_SDEN);
 151              		.loc 1 131 3 is_stmt 1 view .LVU39
 152              		.loc 1 131 14 is_stmt 0 view .LVU40
 153 001e D15A     		ldrh	r1, [r2, r3]
 154 0020 0430     		adds	r0, r0, #4
 155 0022 8143     		bics	r1, r0
 156 0024 D152     		strh	r1, [r2, r3]
 132:Drivers/STM32L0xx_HAL_Driver/Src/stm32l0xx_hal_pcd_ex.c ****   USBx->BCDR |= USB_BCDR_DCDEN;
 157              		.loc 1 132 3 is_stmt 1 view .LVU41
 158              		.loc 1 132 14 is_stmt 0 view .LVU42
 159 0026 D15A     		ldrh	r1, [r2, r3]
 160 0028 0220     		movs	r0, #2
 161 002a 0143     		orrs	r1, r0
 162 002c 89B2     		uxth	r1, r1
 163 002e D152     		strh	r1, [r2, r3]
 133:Drivers/STM32L0xx_HAL_Driver/Src/stm32l0xx_hal_pcd_ex.c **** 
 134:Drivers/STM32L0xx_HAL_Driver/Src/stm32l0xx_hal_pcd_ex.c ****   return HAL_OK;
 164              		.loc 1 134 3 is_stmt 1 view .LVU43
 135:Drivers/STM32L0xx_HAL_Driver/Src/stm32l0xx_hal_pcd_ex.c **** }
 165              		.loc 1 135 1 is_stmt 0 view .LVU44
 166 0030 0020     		movs	r0, #0
 167              		@ sp needed
 168 0032 7047     		bx	lr
 169              		.cfi_endproc
 170              	.LFE35:
 172              		.section	.text.HAL_PCDEx_DeActivateBCD,"ax",%progbits
 173              		.align	1
 174              		.global	HAL_PCDEx_DeActivateBCD
 175              		.syntax unified
 176              		.code	16
 177              		.thumb_func
 179              	HAL_PCDEx_DeActivateBCD:
 180              	.LVL13:
 181              	.LFB36:
 136:Drivers/STM32L0xx_HAL_Driver/Src/stm32l0xx_hal_pcd_ex.c **** 
 137:Drivers/STM32L0xx_HAL_Driver/Src/stm32l0xx_hal_pcd_ex.c **** /**
 138:Drivers/STM32L0xx_HAL_Driver/Src/stm32l0xx_hal_pcd_ex.c ****   * @brief  Deactivate BatteryCharging feature.
 139:Drivers/STM32L0xx_HAL_Driver/Src/stm32l0xx_hal_pcd_ex.c ****   * @param  hpcd PCD handle
 140:Drivers/STM32L0xx_HAL_Driver/Src/stm32l0xx_hal_pcd_ex.c ****   * @retval HAL status
 141:Drivers/STM32L0xx_HAL_Driver/Src/stm32l0xx_hal_pcd_ex.c ****   */
 142:Drivers/STM32L0xx_HAL_Driver/Src/stm32l0xx_hal_pcd_ex.c **** HAL_StatusTypeDef HAL_PCDEx_DeActivateBCD(PCD_HandleTypeDef *hpcd)
 143:Drivers/STM32L0xx_HAL_Driver/Src/stm32l0xx_hal_pcd_ex.c **** {
 182              		.loc 1 143 1 is_stmt 1 view -0
 183              		.cfi_startproc
 184              		@ args = 0, pretend = 0, frame = 0
 185              		@ frame_needed = 0, uses_anonymous_args = 0
 186              		@ link register save eliminated.
 144:Drivers/STM32L0xx_HAL_Driver/Src/stm32l0xx_hal_pcd_ex.c ****   USB_TypeDef *USBx = hpcd->Instance;
 187              		.loc 1 144 3 view .LVU46
 188              		.loc 1 144 16 is_stmt 0 view .LVU47
 189 0000 0168     		ldr	r1, [r0]
 190              	.LVL14:
 145:Drivers/STM32L0xx_HAL_Driver/Src/stm32l0xx_hal_pcd_ex.c ****   hpcd->battery_charging_active = 0U;
ARM GAS  /tmp/ccLARupq.s 			page 7


 191              		.loc 1 145 3 is_stmt 1 view .LVU48
 192              		.loc 1 145 33 is_stmt 0 view .LVU49
 193 0002 BB23     		movs	r3, #187
 194 0004 9B00     		lsls	r3, r3, #2
 195 0006 0022     		movs	r2, #0
 196 0008 C250     		str	r2, [r0, r3]
 146:Drivers/STM32L0xx_HAL_Driver/Src/stm32l0xx_hal_pcd_ex.c **** 
 147:Drivers/STM32L0xx_HAL_Driver/Src/stm32l0xx_hal_pcd_ex.c ****   /* Disable BCD feature */
 148:Drivers/STM32L0xx_HAL_Driver/Src/stm32l0xx_hal_pcd_ex.c ****   USBx->BCDR &= ~(USB_BCDR_BCDEN);
 197              		.loc 1 148 3 is_stmt 1 view .LVU50
 198              		.loc 1 148 14 is_stmt 0 view .LVU51
 199 000a 5832     		adds	r2, r2, #88
 200 000c 8B5A     		ldrh	r3, [r1, r2]
 201 000e 0120     		movs	r0, #1
 202              	.LVL15:
 203              		.loc 1 148 14 view .LVU52
 204 0010 8343     		bics	r3, r0
 205 0012 8B52     		strh	r3, [r1, r2]
 149:Drivers/STM32L0xx_HAL_Driver/Src/stm32l0xx_hal_pcd_ex.c **** 
 150:Drivers/STM32L0xx_HAL_Driver/Src/stm32l0xx_hal_pcd_ex.c ****   return HAL_OK;
 206              		.loc 1 150 3 is_stmt 1 view .LVU53
 151:Drivers/STM32L0xx_HAL_Driver/Src/stm32l0xx_hal_pcd_ex.c **** }
 207              		.loc 1 151 1 is_stmt 0 view .LVU54
 208 0014 0020     		movs	r0, #0
 209              		@ sp needed
 210 0016 7047     		bx	lr
 211              		.cfi_endproc
 212              	.LFE36:
 214              		.section	.text.HAL_PCDEx_ActivateLPM,"ax",%progbits
 215              		.align	1
 216              		.global	HAL_PCDEx_ActivateLPM
 217              		.syntax unified
 218              		.code	16
 219              		.thumb_func
 221              	HAL_PCDEx_ActivateLPM:
 222              	.LVL16:
 223              	.LFB38:
 152:Drivers/STM32L0xx_HAL_Driver/Src/stm32l0xx_hal_pcd_ex.c **** 
 153:Drivers/STM32L0xx_HAL_Driver/Src/stm32l0xx_hal_pcd_ex.c **** /**
 154:Drivers/STM32L0xx_HAL_Driver/Src/stm32l0xx_hal_pcd_ex.c ****   * @brief  Handle BatteryCharging Process.
 155:Drivers/STM32L0xx_HAL_Driver/Src/stm32l0xx_hal_pcd_ex.c ****   * @param  hpcd PCD handle
 156:Drivers/STM32L0xx_HAL_Driver/Src/stm32l0xx_hal_pcd_ex.c ****   * @retval HAL status
 157:Drivers/STM32L0xx_HAL_Driver/Src/stm32l0xx_hal_pcd_ex.c ****   */
 158:Drivers/STM32L0xx_HAL_Driver/Src/stm32l0xx_hal_pcd_ex.c **** void HAL_PCDEx_BCD_VBUSDetect(PCD_HandleTypeDef *hpcd)
 159:Drivers/STM32L0xx_HAL_Driver/Src/stm32l0xx_hal_pcd_ex.c **** {
 160:Drivers/STM32L0xx_HAL_Driver/Src/stm32l0xx_hal_pcd_ex.c ****   USB_TypeDef *USBx = hpcd->Instance;
 161:Drivers/STM32L0xx_HAL_Driver/Src/stm32l0xx_hal_pcd_ex.c ****   uint32_t tickstart = HAL_GetTick();
 162:Drivers/STM32L0xx_HAL_Driver/Src/stm32l0xx_hal_pcd_ex.c **** 
 163:Drivers/STM32L0xx_HAL_Driver/Src/stm32l0xx_hal_pcd_ex.c ****   /* Wait Detect flag or a timeout is happen*/
 164:Drivers/STM32L0xx_HAL_Driver/Src/stm32l0xx_hal_pcd_ex.c ****   while ((USBx->BCDR & USB_BCDR_DCDET) == 0U)
 165:Drivers/STM32L0xx_HAL_Driver/Src/stm32l0xx_hal_pcd_ex.c ****   {
 166:Drivers/STM32L0xx_HAL_Driver/Src/stm32l0xx_hal_pcd_ex.c ****     /* Check for the Timeout */
 167:Drivers/STM32L0xx_HAL_Driver/Src/stm32l0xx_hal_pcd_ex.c ****     if ((HAL_GetTick() - tickstart) > 1000U)
 168:Drivers/STM32L0xx_HAL_Driver/Src/stm32l0xx_hal_pcd_ex.c ****     {
 169:Drivers/STM32L0xx_HAL_Driver/Src/stm32l0xx_hal_pcd_ex.c **** #if (USE_HAL_PCD_REGISTER_CALLBACKS == 1U)
 170:Drivers/STM32L0xx_HAL_Driver/Src/stm32l0xx_hal_pcd_ex.c ****       hpcd->BCDCallback(hpcd, PCD_BCD_ERROR);
 171:Drivers/STM32L0xx_HAL_Driver/Src/stm32l0xx_hal_pcd_ex.c **** #else
ARM GAS  /tmp/ccLARupq.s 			page 8


 172:Drivers/STM32L0xx_HAL_Driver/Src/stm32l0xx_hal_pcd_ex.c ****       HAL_PCDEx_BCD_Callback(hpcd, PCD_BCD_ERROR);
 173:Drivers/STM32L0xx_HAL_Driver/Src/stm32l0xx_hal_pcd_ex.c **** #endif /* USE_HAL_PCD_REGISTER_CALLBACKS */
 174:Drivers/STM32L0xx_HAL_Driver/Src/stm32l0xx_hal_pcd_ex.c **** 
 175:Drivers/STM32L0xx_HAL_Driver/Src/stm32l0xx_hal_pcd_ex.c ****       return;
 176:Drivers/STM32L0xx_HAL_Driver/Src/stm32l0xx_hal_pcd_ex.c ****     }
 177:Drivers/STM32L0xx_HAL_Driver/Src/stm32l0xx_hal_pcd_ex.c ****   }
 178:Drivers/STM32L0xx_HAL_Driver/Src/stm32l0xx_hal_pcd_ex.c **** 
 179:Drivers/STM32L0xx_HAL_Driver/Src/stm32l0xx_hal_pcd_ex.c ****   HAL_Delay(200U);
 180:Drivers/STM32L0xx_HAL_Driver/Src/stm32l0xx_hal_pcd_ex.c **** 
 181:Drivers/STM32L0xx_HAL_Driver/Src/stm32l0xx_hal_pcd_ex.c ****   /* Data Pin Contact ? Check Detect flag */
 182:Drivers/STM32L0xx_HAL_Driver/Src/stm32l0xx_hal_pcd_ex.c ****   if ((USBx->BCDR & USB_BCDR_DCDET) == USB_BCDR_DCDET)
 183:Drivers/STM32L0xx_HAL_Driver/Src/stm32l0xx_hal_pcd_ex.c ****   {
 184:Drivers/STM32L0xx_HAL_Driver/Src/stm32l0xx_hal_pcd_ex.c **** #if (USE_HAL_PCD_REGISTER_CALLBACKS == 1U)
 185:Drivers/STM32L0xx_HAL_Driver/Src/stm32l0xx_hal_pcd_ex.c ****     hpcd->BCDCallback(hpcd, PCD_BCD_CONTACT_DETECTION);
 186:Drivers/STM32L0xx_HAL_Driver/Src/stm32l0xx_hal_pcd_ex.c **** #else
 187:Drivers/STM32L0xx_HAL_Driver/Src/stm32l0xx_hal_pcd_ex.c ****     HAL_PCDEx_BCD_Callback(hpcd, PCD_BCD_CONTACT_DETECTION);
 188:Drivers/STM32L0xx_HAL_Driver/Src/stm32l0xx_hal_pcd_ex.c **** #endif /* USE_HAL_PCD_REGISTER_CALLBACKS */
 189:Drivers/STM32L0xx_HAL_Driver/Src/stm32l0xx_hal_pcd_ex.c ****   }
 190:Drivers/STM32L0xx_HAL_Driver/Src/stm32l0xx_hal_pcd_ex.c ****   /* Primary detection: checks if connected to Standard Downstream Port
 191:Drivers/STM32L0xx_HAL_Driver/Src/stm32l0xx_hal_pcd_ex.c ****   (without charging capability) */
 192:Drivers/STM32L0xx_HAL_Driver/Src/stm32l0xx_hal_pcd_ex.c ****   USBx->BCDR &= ~(USB_BCDR_DCDEN);
 193:Drivers/STM32L0xx_HAL_Driver/Src/stm32l0xx_hal_pcd_ex.c ****   HAL_Delay(50U);
 194:Drivers/STM32L0xx_HAL_Driver/Src/stm32l0xx_hal_pcd_ex.c ****   USBx->BCDR |= (USB_BCDR_PDEN);
 195:Drivers/STM32L0xx_HAL_Driver/Src/stm32l0xx_hal_pcd_ex.c ****   HAL_Delay(50U);
 196:Drivers/STM32L0xx_HAL_Driver/Src/stm32l0xx_hal_pcd_ex.c **** 
 197:Drivers/STM32L0xx_HAL_Driver/Src/stm32l0xx_hal_pcd_ex.c ****   /* If Charger detect ? */
 198:Drivers/STM32L0xx_HAL_Driver/Src/stm32l0xx_hal_pcd_ex.c ****   if ((USBx->BCDR & USB_BCDR_PDET) == USB_BCDR_PDET)
 199:Drivers/STM32L0xx_HAL_Driver/Src/stm32l0xx_hal_pcd_ex.c ****   {
 200:Drivers/STM32L0xx_HAL_Driver/Src/stm32l0xx_hal_pcd_ex.c ****     /* Start secondary detection to check connection to Charging Downstream
 201:Drivers/STM32L0xx_HAL_Driver/Src/stm32l0xx_hal_pcd_ex.c ****     Port or Dedicated Charging Port */
 202:Drivers/STM32L0xx_HAL_Driver/Src/stm32l0xx_hal_pcd_ex.c ****     USBx->BCDR &= ~(USB_BCDR_PDEN);
 203:Drivers/STM32L0xx_HAL_Driver/Src/stm32l0xx_hal_pcd_ex.c ****     HAL_Delay(50U);
 204:Drivers/STM32L0xx_HAL_Driver/Src/stm32l0xx_hal_pcd_ex.c ****     USBx->BCDR |= (USB_BCDR_SDEN);
 205:Drivers/STM32L0xx_HAL_Driver/Src/stm32l0xx_hal_pcd_ex.c ****     HAL_Delay(50U);
 206:Drivers/STM32L0xx_HAL_Driver/Src/stm32l0xx_hal_pcd_ex.c **** 
 207:Drivers/STM32L0xx_HAL_Driver/Src/stm32l0xx_hal_pcd_ex.c ****     /* If CDP ? */
 208:Drivers/STM32L0xx_HAL_Driver/Src/stm32l0xx_hal_pcd_ex.c ****     if ((USBx->BCDR & USB_BCDR_SDET) == USB_BCDR_SDET)
 209:Drivers/STM32L0xx_HAL_Driver/Src/stm32l0xx_hal_pcd_ex.c ****     {
 210:Drivers/STM32L0xx_HAL_Driver/Src/stm32l0xx_hal_pcd_ex.c ****       /* Dedicated Downstream Port DCP */
 211:Drivers/STM32L0xx_HAL_Driver/Src/stm32l0xx_hal_pcd_ex.c **** #if (USE_HAL_PCD_REGISTER_CALLBACKS == 1U)
 212:Drivers/STM32L0xx_HAL_Driver/Src/stm32l0xx_hal_pcd_ex.c ****       hpcd->BCDCallback(hpcd, PCD_BCD_DEDICATED_CHARGING_PORT);
 213:Drivers/STM32L0xx_HAL_Driver/Src/stm32l0xx_hal_pcd_ex.c **** #else
 214:Drivers/STM32L0xx_HAL_Driver/Src/stm32l0xx_hal_pcd_ex.c ****       HAL_PCDEx_BCD_Callback(hpcd, PCD_BCD_DEDICATED_CHARGING_PORT);
 215:Drivers/STM32L0xx_HAL_Driver/Src/stm32l0xx_hal_pcd_ex.c **** #endif /* USE_HAL_PCD_REGISTER_CALLBACKS */
 216:Drivers/STM32L0xx_HAL_Driver/Src/stm32l0xx_hal_pcd_ex.c ****     }
 217:Drivers/STM32L0xx_HAL_Driver/Src/stm32l0xx_hal_pcd_ex.c ****     else
 218:Drivers/STM32L0xx_HAL_Driver/Src/stm32l0xx_hal_pcd_ex.c ****     {
 219:Drivers/STM32L0xx_HAL_Driver/Src/stm32l0xx_hal_pcd_ex.c ****       /* Charging Downstream Port CDP */
 220:Drivers/STM32L0xx_HAL_Driver/Src/stm32l0xx_hal_pcd_ex.c **** #if (USE_HAL_PCD_REGISTER_CALLBACKS == 1U)
 221:Drivers/STM32L0xx_HAL_Driver/Src/stm32l0xx_hal_pcd_ex.c ****       hpcd->BCDCallback(hpcd, PCD_BCD_CHARGING_DOWNSTREAM_PORT);
 222:Drivers/STM32L0xx_HAL_Driver/Src/stm32l0xx_hal_pcd_ex.c **** #else
 223:Drivers/STM32L0xx_HAL_Driver/Src/stm32l0xx_hal_pcd_ex.c ****       HAL_PCDEx_BCD_Callback(hpcd, PCD_BCD_CHARGING_DOWNSTREAM_PORT);
 224:Drivers/STM32L0xx_HAL_Driver/Src/stm32l0xx_hal_pcd_ex.c **** #endif /* USE_HAL_PCD_REGISTER_CALLBACKS */
 225:Drivers/STM32L0xx_HAL_Driver/Src/stm32l0xx_hal_pcd_ex.c ****     }
 226:Drivers/STM32L0xx_HAL_Driver/Src/stm32l0xx_hal_pcd_ex.c ****   }
 227:Drivers/STM32L0xx_HAL_Driver/Src/stm32l0xx_hal_pcd_ex.c ****   else /* NO */
 228:Drivers/STM32L0xx_HAL_Driver/Src/stm32l0xx_hal_pcd_ex.c ****   {
ARM GAS  /tmp/ccLARupq.s 			page 9


 229:Drivers/STM32L0xx_HAL_Driver/Src/stm32l0xx_hal_pcd_ex.c ****     /* Standard Downstream Port */
 230:Drivers/STM32L0xx_HAL_Driver/Src/stm32l0xx_hal_pcd_ex.c **** #if (USE_HAL_PCD_REGISTER_CALLBACKS == 1U)
 231:Drivers/STM32L0xx_HAL_Driver/Src/stm32l0xx_hal_pcd_ex.c ****     hpcd->BCDCallback(hpcd, PCD_BCD_STD_DOWNSTREAM_PORT);
 232:Drivers/STM32L0xx_HAL_Driver/Src/stm32l0xx_hal_pcd_ex.c **** #else
 233:Drivers/STM32L0xx_HAL_Driver/Src/stm32l0xx_hal_pcd_ex.c ****     HAL_PCDEx_BCD_Callback(hpcd, PCD_BCD_STD_DOWNSTREAM_PORT);
 234:Drivers/STM32L0xx_HAL_Driver/Src/stm32l0xx_hal_pcd_ex.c **** #endif /* USE_HAL_PCD_REGISTER_CALLBACKS */
 235:Drivers/STM32L0xx_HAL_Driver/Src/stm32l0xx_hal_pcd_ex.c ****   }
 236:Drivers/STM32L0xx_HAL_Driver/Src/stm32l0xx_hal_pcd_ex.c **** 
 237:Drivers/STM32L0xx_HAL_Driver/Src/stm32l0xx_hal_pcd_ex.c ****   /* Battery Charging capability discovery finished Start Enumeration */
 238:Drivers/STM32L0xx_HAL_Driver/Src/stm32l0xx_hal_pcd_ex.c ****   (void)HAL_PCDEx_DeActivateBCD(hpcd);
 239:Drivers/STM32L0xx_HAL_Driver/Src/stm32l0xx_hal_pcd_ex.c **** #if (USE_HAL_PCD_REGISTER_CALLBACKS == 1U)
 240:Drivers/STM32L0xx_HAL_Driver/Src/stm32l0xx_hal_pcd_ex.c ****   hpcd->BCDCallback(hpcd, PCD_BCD_DISCOVERY_COMPLETED);
 241:Drivers/STM32L0xx_HAL_Driver/Src/stm32l0xx_hal_pcd_ex.c **** #else
 242:Drivers/STM32L0xx_HAL_Driver/Src/stm32l0xx_hal_pcd_ex.c ****   HAL_PCDEx_BCD_Callback(hpcd, PCD_BCD_DISCOVERY_COMPLETED);
 243:Drivers/STM32L0xx_HAL_Driver/Src/stm32l0xx_hal_pcd_ex.c **** #endif /* USE_HAL_PCD_REGISTER_CALLBACKS */
 244:Drivers/STM32L0xx_HAL_Driver/Src/stm32l0xx_hal_pcd_ex.c **** }
 245:Drivers/STM32L0xx_HAL_Driver/Src/stm32l0xx_hal_pcd_ex.c **** 
 246:Drivers/STM32L0xx_HAL_Driver/Src/stm32l0xx_hal_pcd_ex.c **** 
 247:Drivers/STM32L0xx_HAL_Driver/Src/stm32l0xx_hal_pcd_ex.c **** /**
 248:Drivers/STM32L0xx_HAL_Driver/Src/stm32l0xx_hal_pcd_ex.c ****   * @brief  Activate LPM feature.
 249:Drivers/STM32L0xx_HAL_Driver/Src/stm32l0xx_hal_pcd_ex.c ****   * @param  hpcd PCD handle
 250:Drivers/STM32L0xx_HAL_Driver/Src/stm32l0xx_hal_pcd_ex.c ****   * @retval HAL status
 251:Drivers/STM32L0xx_HAL_Driver/Src/stm32l0xx_hal_pcd_ex.c ****   */
 252:Drivers/STM32L0xx_HAL_Driver/Src/stm32l0xx_hal_pcd_ex.c **** HAL_StatusTypeDef HAL_PCDEx_ActivateLPM(PCD_HandleTypeDef *hpcd)
 253:Drivers/STM32L0xx_HAL_Driver/Src/stm32l0xx_hal_pcd_ex.c **** {
 224              		.loc 1 253 1 is_stmt 1 view -0
 225              		.cfi_startproc
 226              		@ args = 0, pretend = 0, frame = 0
 227              		@ frame_needed = 0, uses_anonymous_args = 0
 228              		@ link register save eliminated.
 254:Drivers/STM32L0xx_HAL_Driver/Src/stm32l0xx_hal_pcd_ex.c **** 
 255:Drivers/STM32L0xx_HAL_Driver/Src/stm32l0xx_hal_pcd_ex.c ****   USB_TypeDef *USBx = hpcd->Instance;
 229              		.loc 1 255 3 view .LVU56
 230              		.loc 1 255 16 is_stmt 0 view .LVU57
 231 0000 0168     		ldr	r1, [r0]
 232              	.LVL17:
 256:Drivers/STM32L0xx_HAL_Driver/Src/stm32l0xx_hal_pcd_ex.c ****   hpcd->lpm_active = 1U;
 233              		.loc 1 256 3 is_stmt 1 view .LVU58
 234              		.loc 1 256 20 is_stmt 0 view .LVU59
 235 0002 BA23     		movs	r3, #186
 236 0004 9B00     		lsls	r3, r3, #2
 237 0006 0122     		movs	r2, #1
 238 0008 C250     		str	r2, [r0, r3]
 257:Drivers/STM32L0xx_HAL_Driver/Src/stm32l0xx_hal_pcd_ex.c ****   hpcd->LPM_State = LPM_L0;
 239              		.loc 1 257 3 is_stmt 1 view .LVU60
 240              		.loc 1 257 19 is_stmt 0 view .LVU61
 241 000a 083B     		subs	r3, r3, #8
 242 000c 0022     		movs	r2, #0
 243 000e C254     		strb	r2, [r0, r3]
 258:Drivers/STM32L0xx_HAL_Driver/Src/stm32l0xx_hal_pcd_ex.c **** 
 259:Drivers/STM32L0xx_HAL_Driver/Src/stm32l0xx_hal_pcd_ex.c ****   USBx->LPMCSR |= USB_LPMCSR_LMPEN;
 244              		.loc 1 259 3 is_stmt 1 view .LVU62
 245              		.loc 1 259 16 is_stmt 0 view .LVU63
 246 0010 5432     		adds	r2, r2, #84
 247 0012 8B5A     		ldrh	r3, [r1, r2]
 248 0014 0120     		movs	r0, #1
 249              	.LVL18:
ARM GAS  /tmp/ccLARupq.s 			page 10


 250              		.loc 1 259 16 view .LVU64
 251 0016 0343     		orrs	r3, r0
 252 0018 9BB2     		uxth	r3, r3
 253 001a 8B52     		strh	r3, [r1, r2]
 260:Drivers/STM32L0xx_HAL_Driver/Src/stm32l0xx_hal_pcd_ex.c ****   USBx->LPMCSR |= USB_LPMCSR_LPMACK;
 254              		.loc 1 260 3 is_stmt 1 view .LVU65
 255              		.loc 1 260 16 is_stmt 0 view .LVU66
 256 001c 8B5A     		ldrh	r3, [r1, r2]
 257 001e 0220     		movs	r0, #2
 258 0020 0343     		orrs	r3, r0
 259 0022 9BB2     		uxth	r3, r3
 260 0024 8B52     		strh	r3, [r1, r2]
 261:Drivers/STM32L0xx_HAL_Driver/Src/stm32l0xx_hal_pcd_ex.c **** 
 262:Drivers/STM32L0xx_HAL_Driver/Src/stm32l0xx_hal_pcd_ex.c ****   return HAL_OK;
 261              		.loc 1 262 3 is_stmt 1 view .LVU67
 263:Drivers/STM32L0xx_HAL_Driver/Src/stm32l0xx_hal_pcd_ex.c **** }
 262              		.loc 1 263 1 is_stmt 0 view .LVU68
 263 0026 0020     		movs	r0, #0
 264              		@ sp needed
 265 0028 7047     		bx	lr
 266              		.cfi_endproc
 267              	.LFE38:
 269              		.section	.text.HAL_PCDEx_DeActivateLPM,"ax",%progbits
 270              		.align	1
 271              		.global	HAL_PCDEx_DeActivateLPM
 272              		.syntax unified
 273              		.code	16
 274              		.thumb_func
 276              	HAL_PCDEx_DeActivateLPM:
 277              	.LVL19:
 278              	.LFB39:
 264:Drivers/STM32L0xx_HAL_Driver/Src/stm32l0xx_hal_pcd_ex.c **** 
 265:Drivers/STM32L0xx_HAL_Driver/Src/stm32l0xx_hal_pcd_ex.c **** /**
 266:Drivers/STM32L0xx_HAL_Driver/Src/stm32l0xx_hal_pcd_ex.c ****   * @brief  Deactivate LPM feature.
 267:Drivers/STM32L0xx_HAL_Driver/Src/stm32l0xx_hal_pcd_ex.c ****   * @param  hpcd PCD handle
 268:Drivers/STM32L0xx_HAL_Driver/Src/stm32l0xx_hal_pcd_ex.c ****   * @retval HAL status
 269:Drivers/STM32L0xx_HAL_Driver/Src/stm32l0xx_hal_pcd_ex.c ****   */
 270:Drivers/STM32L0xx_HAL_Driver/Src/stm32l0xx_hal_pcd_ex.c **** HAL_StatusTypeDef HAL_PCDEx_DeActivateLPM(PCD_HandleTypeDef *hpcd)
 271:Drivers/STM32L0xx_HAL_Driver/Src/stm32l0xx_hal_pcd_ex.c **** {
 279              		.loc 1 271 1 is_stmt 1 view -0
 280              		.cfi_startproc
 281              		@ args = 0, pretend = 0, frame = 0
 282              		@ frame_needed = 0, uses_anonymous_args = 0
 283              		@ link register save eliminated.
 272:Drivers/STM32L0xx_HAL_Driver/Src/stm32l0xx_hal_pcd_ex.c ****   USB_TypeDef *USBx = hpcd->Instance;
 284              		.loc 1 272 3 view .LVU70
 285              		.loc 1 272 16 is_stmt 0 view .LVU71
 286 0000 0268     		ldr	r2, [r0]
 287              	.LVL20:
 273:Drivers/STM32L0xx_HAL_Driver/Src/stm32l0xx_hal_pcd_ex.c **** 
 274:Drivers/STM32L0xx_HAL_Driver/Src/stm32l0xx_hal_pcd_ex.c ****   hpcd->lpm_active = 0U;
 288              		.loc 1 274 3 is_stmt 1 view .LVU72
 289              		.loc 1 274 20 is_stmt 0 view .LVU73
 290 0002 BA23     		movs	r3, #186
 291 0004 9B00     		lsls	r3, r3, #2
 292 0006 0021     		movs	r1, #0
 293 0008 C150     		str	r1, [r0, r3]
ARM GAS  /tmp/ccLARupq.s 			page 11


 275:Drivers/STM32L0xx_HAL_Driver/Src/stm32l0xx_hal_pcd_ex.c **** 
 276:Drivers/STM32L0xx_HAL_Driver/Src/stm32l0xx_hal_pcd_ex.c ****   USBx->LPMCSR &= ~(USB_LPMCSR_LMPEN);
 294              		.loc 1 276 3 is_stmt 1 view .LVU74
 295              		.loc 1 276 16 is_stmt 0 view .LVU75
 296 000a 5423     		movs	r3, #84
 297 000c D15A     		ldrh	r1, [r2, r3]
 298 000e 0120     		movs	r0, #1
 299              	.LVL21:
 300              		.loc 1 276 16 view .LVU76
 301 0010 8143     		bics	r1, r0
 302 0012 D152     		strh	r1, [r2, r3]
 277:Drivers/STM32L0xx_HAL_Driver/Src/stm32l0xx_hal_pcd_ex.c ****   USBx->LPMCSR &= ~(USB_LPMCSR_LPMACK);
 303              		.loc 1 277 3 is_stmt 1 view .LVU77
 304              		.loc 1 277 16 is_stmt 0 view .LVU78
 305 0014 D15A     		ldrh	r1, [r2, r3]
 306 0016 0130     		adds	r0, r0, #1
 307 0018 8143     		bics	r1, r0
 308 001a D152     		strh	r1, [r2, r3]
 278:Drivers/STM32L0xx_HAL_Driver/Src/stm32l0xx_hal_pcd_ex.c **** 
 279:Drivers/STM32L0xx_HAL_Driver/Src/stm32l0xx_hal_pcd_ex.c ****   return HAL_OK;
 309              		.loc 1 279 3 is_stmt 1 view .LVU79
 280:Drivers/STM32L0xx_HAL_Driver/Src/stm32l0xx_hal_pcd_ex.c **** }
 310              		.loc 1 280 1 is_stmt 0 view .LVU80
 311 001c 0020     		movs	r0, #0
 312              		@ sp needed
 313 001e 7047     		bx	lr
 314              		.cfi_endproc
 315              	.LFE39:
 317              		.section	.text.HAL_PCDEx_LPM_Callback,"ax",%progbits
 318              		.align	1
 319              		.weak	HAL_PCDEx_LPM_Callback
 320              		.syntax unified
 321              		.code	16
 322              		.thumb_func
 324              	HAL_PCDEx_LPM_Callback:
 325              	.LVL22:
 326              	.LFB40:
 281:Drivers/STM32L0xx_HAL_Driver/Src/stm32l0xx_hal_pcd_ex.c **** 
 282:Drivers/STM32L0xx_HAL_Driver/Src/stm32l0xx_hal_pcd_ex.c **** 
 283:Drivers/STM32L0xx_HAL_Driver/Src/stm32l0xx_hal_pcd_ex.c **** 
 284:Drivers/STM32L0xx_HAL_Driver/Src/stm32l0xx_hal_pcd_ex.c **** /**
 285:Drivers/STM32L0xx_HAL_Driver/Src/stm32l0xx_hal_pcd_ex.c ****   * @brief  Send LPM message to user layer callback.
 286:Drivers/STM32L0xx_HAL_Driver/Src/stm32l0xx_hal_pcd_ex.c ****   * @param  hpcd PCD handle
 287:Drivers/STM32L0xx_HAL_Driver/Src/stm32l0xx_hal_pcd_ex.c ****   * @param  msg LPM message
 288:Drivers/STM32L0xx_HAL_Driver/Src/stm32l0xx_hal_pcd_ex.c ****   * @retval HAL status
 289:Drivers/STM32L0xx_HAL_Driver/Src/stm32l0xx_hal_pcd_ex.c ****   */
 290:Drivers/STM32L0xx_HAL_Driver/Src/stm32l0xx_hal_pcd_ex.c **** __weak void HAL_PCDEx_LPM_Callback(PCD_HandleTypeDef *hpcd, PCD_LPM_MsgTypeDef msg)
 291:Drivers/STM32L0xx_HAL_Driver/Src/stm32l0xx_hal_pcd_ex.c **** {
 327              		.loc 1 291 1 is_stmt 1 view -0
 328              		.cfi_startproc
 329              		@ args = 0, pretend = 0, frame = 0
 330              		@ frame_needed = 0, uses_anonymous_args = 0
 331              		@ link register save eliminated.
 292:Drivers/STM32L0xx_HAL_Driver/Src/stm32l0xx_hal_pcd_ex.c ****   /* Prevent unused argument(s) compilation warning */
 293:Drivers/STM32L0xx_HAL_Driver/Src/stm32l0xx_hal_pcd_ex.c ****   UNUSED(hpcd);
 332              		.loc 1 293 3 view .LVU82
 294:Drivers/STM32L0xx_HAL_Driver/Src/stm32l0xx_hal_pcd_ex.c ****   UNUSED(msg);
ARM GAS  /tmp/ccLARupq.s 			page 12


 333              		.loc 1 294 3 view .LVU83
 295:Drivers/STM32L0xx_HAL_Driver/Src/stm32l0xx_hal_pcd_ex.c **** 
 296:Drivers/STM32L0xx_HAL_Driver/Src/stm32l0xx_hal_pcd_ex.c ****   /* NOTE : This function should not be modified, when the callback is needed,
 297:Drivers/STM32L0xx_HAL_Driver/Src/stm32l0xx_hal_pcd_ex.c ****             the HAL_PCDEx_LPM_Callback could be implemented in the user file
 298:Drivers/STM32L0xx_HAL_Driver/Src/stm32l0xx_hal_pcd_ex.c ****    */
 299:Drivers/STM32L0xx_HAL_Driver/Src/stm32l0xx_hal_pcd_ex.c **** }
 334              		.loc 1 299 1 is_stmt 0 view .LVU84
 335              		@ sp needed
 336 0000 7047     		bx	lr
 337              		.cfi_endproc
 338              	.LFE40:
 340              		.section	.text.HAL_PCDEx_BCD_Callback,"ax",%progbits
 341              		.align	1
 342              		.weak	HAL_PCDEx_BCD_Callback
 343              		.syntax unified
 344              		.code	16
 345              		.thumb_func
 347              	HAL_PCDEx_BCD_Callback:
 348              	.LVL23:
 349              	.LFB41:
 300:Drivers/STM32L0xx_HAL_Driver/Src/stm32l0xx_hal_pcd_ex.c **** 
 301:Drivers/STM32L0xx_HAL_Driver/Src/stm32l0xx_hal_pcd_ex.c **** /**
 302:Drivers/STM32L0xx_HAL_Driver/Src/stm32l0xx_hal_pcd_ex.c ****   * @brief  Send BatteryCharging message to user layer callback.
 303:Drivers/STM32L0xx_HAL_Driver/Src/stm32l0xx_hal_pcd_ex.c ****   * @param  hpcd PCD handle
 304:Drivers/STM32L0xx_HAL_Driver/Src/stm32l0xx_hal_pcd_ex.c ****   * @param  msg LPM message
 305:Drivers/STM32L0xx_HAL_Driver/Src/stm32l0xx_hal_pcd_ex.c ****   * @retval HAL status
 306:Drivers/STM32L0xx_HAL_Driver/Src/stm32l0xx_hal_pcd_ex.c ****   */
 307:Drivers/STM32L0xx_HAL_Driver/Src/stm32l0xx_hal_pcd_ex.c **** __weak void HAL_PCDEx_BCD_Callback(PCD_HandleTypeDef *hpcd, PCD_BCD_MsgTypeDef msg)
 308:Drivers/STM32L0xx_HAL_Driver/Src/stm32l0xx_hal_pcd_ex.c **** {
 350              		.loc 1 308 1 is_stmt 1 view -0
 351              		.cfi_startproc
 352              		@ args = 0, pretend = 0, frame = 0
 353              		@ frame_needed = 0, uses_anonymous_args = 0
 354              		@ link register save eliminated.
 309:Drivers/STM32L0xx_HAL_Driver/Src/stm32l0xx_hal_pcd_ex.c ****   /* Prevent unused argument(s) compilation warning */
 310:Drivers/STM32L0xx_HAL_Driver/Src/stm32l0xx_hal_pcd_ex.c ****   UNUSED(hpcd);
 355              		.loc 1 310 3 view .LVU86
 311:Drivers/STM32L0xx_HAL_Driver/Src/stm32l0xx_hal_pcd_ex.c ****   UNUSED(msg);
 356              		.loc 1 311 3 view .LVU87
 312:Drivers/STM32L0xx_HAL_Driver/Src/stm32l0xx_hal_pcd_ex.c **** 
 313:Drivers/STM32L0xx_HAL_Driver/Src/stm32l0xx_hal_pcd_ex.c ****   /* NOTE : This function should not be modified, when the callback is needed,
 314:Drivers/STM32L0xx_HAL_Driver/Src/stm32l0xx_hal_pcd_ex.c ****             the HAL_PCDEx_BCD_Callback could be implemented in the user file
 315:Drivers/STM32L0xx_HAL_Driver/Src/stm32l0xx_hal_pcd_ex.c ****    */
 316:Drivers/STM32L0xx_HAL_Driver/Src/stm32l0xx_hal_pcd_ex.c **** }
 357              		.loc 1 316 1 is_stmt 0 view .LVU88
 358              		@ sp needed
 359 0000 7047     		bx	lr
 360              		.cfi_endproc
 361              	.LFE41:
 363              		.section	.text.HAL_PCDEx_BCD_VBUSDetect,"ax",%progbits
 364              		.align	1
 365              		.global	HAL_PCDEx_BCD_VBUSDetect
 366              		.syntax unified
 367              		.code	16
 368              		.thumb_func
 370              	HAL_PCDEx_BCD_VBUSDetect:
 371              	.LVL24:
ARM GAS  /tmp/ccLARupq.s 			page 13


 372              	.LFB37:
 159:Drivers/STM32L0xx_HAL_Driver/Src/stm32l0xx_hal_pcd_ex.c ****   USB_TypeDef *USBx = hpcd->Instance;
 373              		.loc 1 159 1 is_stmt 1 view -0
 374              		.cfi_startproc
 375              		@ args = 0, pretend = 0, frame = 0
 376              		@ frame_needed = 0, uses_anonymous_args = 0
 159:Drivers/STM32L0xx_HAL_Driver/Src/stm32l0xx_hal_pcd_ex.c ****   USB_TypeDef *USBx = hpcd->Instance;
 377              		.loc 1 159 1 is_stmt 0 view .LVU90
 378 0000 70B5     		push	{r4, r5, r6, lr}
 379              	.LCFI1:
 380              		.cfi_def_cfa_offset 16
 381              		.cfi_offset 4, -16
 382              		.cfi_offset 5, -12
 383              		.cfi_offset 6, -8
 384              		.cfi_offset 14, -4
 385 0002 0600     		movs	r6, r0
 160:Drivers/STM32L0xx_HAL_Driver/Src/stm32l0xx_hal_pcd_ex.c ****   uint32_t tickstart = HAL_GetTick();
 386              		.loc 1 160 3 is_stmt 1 view .LVU91
 160:Drivers/STM32L0xx_HAL_Driver/Src/stm32l0xx_hal_pcd_ex.c ****   uint32_t tickstart = HAL_GetTick();
 387              		.loc 1 160 16 is_stmt 0 view .LVU92
 388 0004 0468     		ldr	r4, [r0]
 389              	.LVL25:
 161:Drivers/STM32L0xx_HAL_Driver/Src/stm32l0xx_hal_pcd_ex.c **** 
 390              		.loc 1 161 3 is_stmt 1 view .LVU93
 161:Drivers/STM32L0xx_HAL_Driver/Src/stm32l0xx_hal_pcd_ex.c **** 
 391              		.loc 1 161 24 is_stmt 0 view .LVU94
 392 0006 FFF7FEFF 		bl	HAL_GetTick
 393              	.LVL26:
 161:Drivers/STM32L0xx_HAL_Driver/Src/stm32l0xx_hal_pcd_ex.c **** 
 394              		.loc 1 161 24 view .LVU95
 395 000a 0500     		movs	r5, r0
 396              	.LVL27:
 164:Drivers/STM32L0xx_HAL_Driver/Src/stm32l0xx_hal_pcd_ex.c ****   {
 397              		.loc 1 164 3 is_stmt 1 view .LVU96
 398              	.L13:
 164:Drivers/STM32L0xx_HAL_Driver/Src/stm32l0xx_hal_pcd_ex.c ****   {
 399              		.loc 1 164 9 view .LVU97
 164:Drivers/STM32L0xx_HAL_Driver/Src/stm32l0xx_hal_pcd_ex.c ****   {
 400              		.loc 1 164 15 is_stmt 0 view .LVU98
 401 000c 5823     		movs	r3, #88
 402 000e E35A     		ldrh	r3, [r4, r3]
 164:Drivers/STM32L0xx_HAL_Driver/Src/stm32l0xx_hal_pcd_ex.c ****   {
 403              		.loc 1 164 9 view .LVU99
 404 0010 DB06     		lsls	r3, r3, #27
 405 0012 0BD4     		bmi	.L20
 167:Drivers/STM32L0xx_HAL_Driver/Src/stm32l0xx_hal_pcd_ex.c ****     {
 406              		.loc 1 167 5 is_stmt 1 view .LVU100
 167:Drivers/STM32L0xx_HAL_Driver/Src/stm32l0xx_hal_pcd_ex.c ****     {
 407              		.loc 1 167 10 is_stmt 0 view .LVU101
 408 0014 FFF7FEFF 		bl	HAL_GetTick
 409              	.LVL28:
 167:Drivers/STM32L0xx_HAL_Driver/Src/stm32l0xx_hal_pcd_ex.c ****     {
 410              		.loc 1 167 24 view .LVU102
 411 0018 401B     		subs	r0, r0, r5
 167:Drivers/STM32L0xx_HAL_Driver/Src/stm32l0xx_hal_pcd_ex.c ****     {
 412              		.loc 1 167 8 view .LVU103
 413 001a FA23     		movs	r3, #250
ARM GAS  /tmp/ccLARupq.s 			page 14


 414 001c 9B00     		lsls	r3, r3, #2
 415 001e 9842     		cmp	r0, r3
 416 0020 F4D9     		bls	.L13
 172:Drivers/STM32L0xx_HAL_Driver/Src/stm32l0xx_hal_pcd_ex.c **** #endif /* USE_HAL_PCD_REGISTER_CALLBACKS */
 417              		.loc 1 172 7 is_stmt 1 view .LVU104
 418 0022 FF21     		movs	r1, #255
 419 0024 3000     		movs	r0, r6
 420 0026 FFF7FEFF 		bl	HAL_PCDEx_BCD_Callback
 421              	.LVL29:
 175:Drivers/STM32L0xx_HAL_Driver/Src/stm32l0xx_hal_pcd_ex.c ****     }
 422              		.loc 1 175 7 view .LVU105
 423 002a 45E0     		b	.L12
 424              	.L20:
 179:Drivers/STM32L0xx_HAL_Driver/Src/stm32l0xx_hal_pcd_ex.c **** 
 425              		.loc 1 179 3 view .LVU106
 426 002c C820     		movs	r0, #200
 427 002e FFF7FEFF 		bl	HAL_Delay
 428              	.LVL30:
 182:Drivers/STM32L0xx_HAL_Driver/Src/stm32l0xx_hal_pcd_ex.c ****   {
 429              		.loc 1 182 3 view .LVU107
 182:Drivers/STM32L0xx_HAL_Driver/Src/stm32l0xx_hal_pcd_ex.c ****   {
 430              		.loc 1 182 12 is_stmt 0 view .LVU108
 431 0032 5823     		movs	r3, #88
 432 0034 E35A     		ldrh	r3, [r4, r3]
 182:Drivers/STM32L0xx_HAL_Driver/Src/stm32l0xx_hal_pcd_ex.c ****   {
 433              		.loc 1 182 6 view .LVU109
 434 0036 DB06     		lsls	r3, r3, #27
 435 0038 29D4     		bmi	.L21
 436              	.L16:
 192:Drivers/STM32L0xx_HAL_Driver/Src/stm32l0xx_hal_pcd_ex.c ****   HAL_Delay(50U);
 437              		.loc 1 192 3 is_stmt 1 view .LVU110
 192:Drivers/STM32L0xx_HAL_Driver/Src/stm32l0xx_hal_pcd_ex.c ****   HAL_Delay(50U);
 438              		.loc 1 192 14 is_stmt 0 view .LVU111
 439 003a 5825     		movs	r5, #88
 440              	.LVL31:
 192:Drivers/STM32L0xx_HAL_Driver/Src/stm32l0xx_hal_pcd_ex.c ****   HAL_Delay(50U);
 441              		.loc 1 192 14 view .LVU112
 442 003c 635B     		ldrh	r3, [r4, r5]
 443 003e 0222     		movs	r2, #2
 444 0040 9343     		bics	r3, r2
 445 0042 6353     		strh	r3, [r4, r5]
 193:Drivers/STM32L0xx_HAL_Driver/Src/stm32l0xx_hal_pcd_ex.c ****   USBx->BCDR |= (USB_BCDR_PDEN);
 446              		.loc 1 193 3 is_stmt 1 view .LVU113
 447 0044 3220     		movs	r0, #50
 448 0046 FFF7FEFF 		bl	HAL_Delay
 449              	.LVL32:
 194:Drivers/STM32L0xx_HAL_Driver/Src/stm32l0xx_hal_pcd_ex.c ****   HAL_Delay(50U);
 450              		.loc 1 194 3 view .LVU114
 194:Drivers/STM32L0xx_HAL_Driver/Src/stm32l0xx_hal_pcd_ex.c ****   HAL_Delay(50U);
 451              		.loc 1 194 14 is_stmt 0 view .LVU115
 452 004a 635B     		ldrh	r3, [r4, r5]
 453 004c 0422     		movs	r2, #4
 454 004e 1343     		orrs	r3, r2
 455 0050 9BB2     		uxth	r3, r3
 456 0052 6353     		strh	r3, [r4, r5]
 195:Drivers/STM32L0xx_HAL_Driver/Src/stm32l0xx_hal_pcd_ex.c **** 
 457              		.loc 1 195 3 is_stmt 1 view .LVU116
ARM GAS  /tmp/ccLARupq.s 			page 15


 458 0054 3220     		movs	r0, #50
 459 0056 FFF7FEFF 		bl	HAL_Delay
 460              	.LVL33:
 198:Drivers/STM32L0xx_HAL_Driver/Src/stm32l0xx_hal_pcd_ex.c ****   {
 461              		.loc 1 198 3 view .LVU117
 198:Drivers/STM32L0xx_HAL_Driver/Src/stm32l0xx_hal_pcd_ex.c ****   {
 462              		.loc 1 198 12 is_stmt 0 view .LVU118
 463 005a 635B     		ldrh	r3, [r4, r5]
 198:Drivers/STM32L0xx_HAL_Driver/Src/stm32l0xx_hal_pcd_ex.c ****   {
 464              		.loc 1 198 6 view .LVU119
 465 005c 9B06     		lsls	r3, r3, #26
 466 005e 20D5     		bpl	.L17
 202:Drivers/STM32L0xx_HAL_Driver/Src/stm32l0xx_hal_pcd_ex.c ****     HAL_Delay(50U);
 467              		.loc 1 202 5 is_stmt 1 view .LVU120
 202:Drivers/STM32L0xx_HAL_Driver/Src/stm32l0xx_hal_pcd_ex.c ****     HAL_Delay(50U);
 468              		.loc 1 202 16 is_stmt 0 view .LVU121
 469 0060 635B     		ldrh	r3, [r4, r5]
 470 0062 0422     		movs	r2, #4
 471 0064 9343     		bics	r3, r2
 472 0066 6353     		strh	r3, [r4, r5]
 203:Drivers/STM32L0xx_HAL_Driver/Src/stm32l0xx_hal_pcd_ex.c ****     USBx->BCDR |= (USB_BCDR_SDEN);
 473              		.loc 1 203 5 is_stmt 1 view .LVU122
 474 0068 3220     		movs	r0, #50
 475 006a FFF7FEFF 		bl	HAL_Delay
 476              	.LVL34:
 204:Drivers/STM32L0xx_HAL_Driver/Src/stm32l0xx_hal_pcd_ex.c ****     HAL_Delay(50U);
 477              		.loc 1 204 5 view .LVU123
 204:Drivers/STM32L0xx_HAL_Driver/Src/stm32l0xx_hal_pcd_ex.c ****     HAL_Delay(50U);
 478              		.loc 1 204 16 is_stmt 0 view .LVU124
 479 006e 635B     		ldrh	r3, [r4, r5]
 480 0070 0822     		movs	r2, #8
 481 0072 1343     		orrs	r3, r2
 482 0074 9BB2     		uxth	r3, r3
 483 0076 6353     		strh	r3, [r4, r5]
 205:Drivers/STM32L0xx_HAL_Driver/Src/stm32l0xx_hal_pcd_ex.c **** 
 484              		.loc 1 205 5 is_stmt 1 view .LVU125
 485 0078 3220     		movs	r0, #50
 486 007a FFF7FEFF 		bl	HAL_Delay
 487              	.LVL35:
 208:Drivers/STM32L0xx_HAL_Driver/Src/stm32l0xx_hal_pcd_ex.c ****     {
 488              		.loc 1 208 5 view .LVU126
 208:Drivers/STM32L0xx_HAL_Driver/Src/stm32l0xx_hal_pcd_ex.c ****     {
 489              		.loc 1 208 14 is_stmt 0 view .LVU127
 490 007e 635B     		ldrh	r3, [r4, r5]
 208:Drivers/STM32L0xx_HAL_Driver/Src/stm32l0xx_hal_pcd_ex.c ****     {
 491              		.loc 1 208 8 view .LVU128
 492 0080 5B06     		lsls	r3, r3, #25
 493 0082 09D5     		bpl	.L18
 214:Drivers/STM32L0xx_HAL_Driver/Src/stm32l0xx_hal_pcd_ex.c **** #endif /* USE_HAL_PCD_REGISTER_CALLBACKS */
 494              		.loc 1 214 7 is_stmt 1 view .LVU129
 495 0084 FB21     		movs	r1, #251
 496 0086 3000     		movs	r0, r6
 497 0088 FFF7FEFF 		bl	HAL_PCDEx_BCD_Callback
 498              	.LVL36:
 499 008c 0DE0     		b	.L19
 500              	.LVL37:
 501              	.L21:
ARM GAS  /tmp/ccLARupq.s 			page 16


 187:Drivers/STM32L0xx_HAL_Driver/Src/stm32l0xx_hal_pcd_ex.c **** #endif /* USE_HAL_PCD_REGISTER_CALLBACKS */
 502              		.loc 1 187 5 view .LVU130
 503 008e FE21     		movs	r1, #254
 504 0090 3000     		movs	r0, r6
 505 0092 FFF7FEFF 		bl	HAL_PCDEx_BCD_Callback
 506              	.LVL38:
 507 0096 D0E7     		b	.L16
 508              	.LVL39:
 509              	.L18:
 223:Drivers/STM32L0xx_HAL_Driver/Src/stm32l0xx_hal_pcd_ex.c **** #endif /* USE_HAL_PCD_REGISTER_CALLBACKS */
 510              		.loc 1 223 7 view .LVU131
 511 0098 FC21     		movs	r1, #252
 512 009a 3000     		movs	r0, r6
 513 009c FFF7FEFF 		bl	HAL_PCDEx_BCD_Callback
 514              	.LVL40:
 515 00a0 03E0     		b	.L19
 516              	.L17:
 233:Drivers/STM32L0xx_HAL_Driver/Src/stm32l0xx_hal_pcd_ex.c **** #endif /* USE_HAL_PCD_REGISTER_CALLBACKS */
 517              		.loc 1 233 5 view .LVU132
 518 00a2 FD21     		movs	r1, #253
 519 00a4 3000     		movs	r0, r6
 520 00a6 FFF7FEFF 		bl	HAL_PCDEx_BCD_Callback
 521              	.LVL41:
 522              	.L19:
 238:Drivers/STM32L0xx_HAL_Driver/Src/stm32l0xx_hal_pcd_ex.c **** #if (USE_HAL_PCD_REGISTER_CALLBACKS == 1U)
 523              		.loc 1 238 3 view .LVU133
 238:Drivers/STM32L0xx_HAL_Driver/Src/stm32l0xx_hal_pcd_ex.c **** #if (USE_HAL_PCD_REGISTER_CALLBACKS == 1U)
 524              		.loc 1 238 9 is_stmt 0 view .LVU134
 525 00aa 3000     		movs	r0, r6
 526 00ac FFF7FEFF 		bl	HAL_PCDEx_DeActivateBCD
 527              	.LVL42:
 242:Drivers/STM32L0xx_HAL_Driver/Src/stm32l0xx_hal_pcd_ex.c **** #endif /* USE_HAL_PCD_REGISTER_CALLBACKS */
 528              		.loc 1 242 3 is_stmt 1 view .LVU135
 529 00b0 0021     		movs	r1, #0
 530 00b2 3000     		movs	r0, r6
 531 00b4 FFF7FEFF 		bl	HAL_PCDEx_BCD_Callback
 532              	.LVL43:
 533              	.L12:
 244:Drivers/STM32L0xx_HAL_Driver/Src/stm32l0xx_hal_pcd_ex.c **** 
 534              		.loc 1 244 1 is_stmt 0 view .LVU136
 535              		@ sp needed
 536              	.LVL44:
 537              	.LVL45:
 244:Drivers/STM32L0xx_HAL_Driver/Src/stm32l0xx_hal_pcd_ex.c **** 
 538              		.loc 1 244 1 view .LVU137
 539 00b8 70BD     		pop	{r4, r5, r6, pc}
 540              		.cfi_endproc
 541              	.LFE37:
 543              		.text
 544              	.Letext0:
 545              		.file 2 "/home/thomas/programme/gcc-arm-none-eabi-10.3-2021.10/arm-none-eabi/include/machine/_defa
 546              		.file 3 "/home/thomas/programme/gcc-arm-none-eabi-10.3-2021.10/arm-none-eabi/include/sys/_stdint.h
 547              		.file 4 "Drivers/CMSIS/Device/ST/STM32L0xx/Include/stm32l052xx.h"
 548              		.file 5 "Drivers/STM32L0xx_HAL_Driver/Inc/stm32l0xx_hal_def.h"
 549              		.file 6 "Drivers/STM32L0xx_HAL_Driver/Inc/stm32l0xx_ll_usb.h"
 550              		.file 7 "Drivers/STM32L0xx_HAL_Driver/Inc/stm32l0xx_hal_pcd.h"
 551              		.file 8 "Drivers/STM32L0xx_HAL_Driver/Inc/stm32l0xx_hal.h"
ARM GAS  /tmp/ccLARupq.s 			page 17


ARM GAS  /tmp/ccLARupq.s 			page 18


DEFINED SYMBOLS
                            *ABS*:0000000000000000 stm32l0xx_hal_pcd_ex.c
     /tmp/ccLARupq.s:18     .text.HAL_PCDEx_PMAConfig:0000000000000000 $t
     /tmp/ccLARupq.s:24     .text.HAL_PCDEx_PMAConfig:0000000000000000 HAL_PCDEx_PMAConfig
     /tmp/ccLARupq.s:111    .text.HAL_PCDEx_ActivateBCD:0000000000000000 $t
     /tmp/ccLARupq.s:117    .text.HAL_PCDEx_ActivateBCD:0000000000000000 HAL_PCDEx_ActivateBCD
     /tmp/ccLARupq.s:173    .text.HAL_PCDEx_DeActivateBCD:0000000000000000 $t
     /tmp/ccLARupq.s:179    .text.HAL_PCDEx_DeActivateBCD:0000000000000000 HAL_PCDEx_DeActivateBCD
     /tmp/ccLARupq.s:215    .text.HAL_PCDEx_ActivateLPM:0000000000000000 $t
     /tmp/ccLARupq.s:221    .text.HAL_PCDEx_ActivateLPM:0000000000000000 HAL_PCDEx_ActivateLPM
     /tmp/ccLARupq.s:270    .text.HAL_PCDEx_DeActivateLPM:0000000000000000 $t
     /tmp/ccLARupq.s:276    .text.HAL_PCDEx_DeActivateLPM:0000000000000000 HAL_PCDEx_DeActivateLPM
     /tmp/ccLARupq.s:318    .text.HAL_PCDEx_LPM_Callback:0000000000000000 $t
     /tmp/ccLARupq.s:324    .text.HAL_PCDEx_LPM_Callback:0000000000000000 HAL_PCDEx_LPM_Callback
     /tmp/ccLARupq.s:341    .text.HAL_PCDEx_BCD_Callback:0000000000000000 $t
     /tmp/ccLARupq.s:347    .text.HAL_PCDEx_BCD_Callback:0000000000000000 HAL_PCDEx_BCD_Callback
     /tmp/ccLARupq.s:364    .text.HAL_PCDEx_BCD_VBUSDetect:0000000000000000 $t
     /tmp/ccLARupq.s:370    .text.HAL_PCDEx_BCD_VBUSDetect:0000000000000000 HAL_PCDEx_BCD_VBUSDetect

UNDEFINED SYMBOLS
HAL_GetTick
HAL_Delay
